C51 COMPILER V9.60.7.0   KEY                                                               04/12/2023 19:46:53 PAGE 1   


C51 COMPILER V9.60.7.0, COMPILATION OF MODULE KEY
OBJECT MODULE PLACED IN .\Objects\key.obj
COMPILER INVOKED BY: D:\Keil_v5\C51\BIN\C51.EXE users\src\key.c OPTIMIZE(8,SPEED) BROWSE INCDIR(.\users\inc) DEBUG OBJEC
                    -TEXTEND PRINT(.\Listings\key.lst) TABS(2) OBJECT(.\Objects\key.obj)

line level    source

   1          #include "common.h"
   2          
   3          #define KEY_PRESS   0
   4          #define KEY_COUNT   3
   5          
   6          typedef struct {
   7              uchar           status;
   8              uchar           save;
   9              KeyActionFunc   action;
  10          } KeyInfo;
  11          
  12          KeyInfo gKeyInfos[KEY_COUNT];
  13          
  14          void key_register(uchar key_id, KeyActionFunc action)
  15          {
  16   1          gKeyInfos[key_id].status = 1;
  17   1          gKeyInfos[key_id].save = 1;
  18   1          gKeyInfos[key_id].action = action;
  19   1      }
  20          
  21          void key_action()
  22          {
  23   1          uchar i = 0;
  24   1        
  25   1          for (i = 0; i < KEY_COUNT; i++)
  26   1          {
  27   2              if (gKeyInfos[i].save != gKeyInfos[i].status)
  28   2              {
  29   3                  if (gKeyInfos[i].save == 0)
  30   3                      gKeyInfos[i].action();
  31   3      
  32   3                  gKeyInfos[i].save = gKeyInfos[i].status;
  33   3              }
  34   2          }
  35   1      }
  36          
  37          void key_scan()
  38          {
  39   1          uchar i = 0;
  40   1          uchar keyValue = KEY_1;
  41   1          static uchar keybuff[KEY_COUNT] = {0xff,0xff,0xff};
  42   1      
  43   1          for (i = 0; i < KEY_COUNT; i++)
  44   1          {
  45   2              switch (i)
  46   2              {
  47   3                  case 0: keyValue = KEY_1; break;
  48   3                  case 1: keyValue = KEY_2; break;
  49   3                  case 2: keyValue = KEY_3; break;
  50   3                  default: break;
  51   3              }
  52   2      
  53   2              keybuff[i] = (keybuff[i] << 1) | keyValue;
  54   2              if (keybuff[i] == 0x00)     gKeyInfos[i].status = 0;
C51 COMPILER V9.60.7.0   KEY                                                               04/12/2023 19:46:53 PAGE 2   

  55   2              else if(keybuff[i] == 0xff) gKeyInfos[i].status = 1;
  56   2          }
  57   1      }
  58          
  59          void key_run()
  60          {
  61   1          key_scan();
  62   1          key_action();
  63   1      }


MODULE INFORMATION:   STATIC OVERLAYABLE
   CODE SIZE        =    210    ----
   CONSTANT SIZE    =   ----    ----
   XDATA SIZE       =   ----    ----
   PDATA SIZE       =   ----    ----
   DATA SIZE        =     18       1
   IDATA SIZE       =   ----    ----
   BIT SIZE         =   ----    ----
END OF MODULE INFORMATION.


C51 COMPILATION COMPLETE.  0 WARNING(S),  0 ERROR(S)
