C51 COMPILER V9.60.7.0   OTHER                                                             04/18/2023 21:08:12 PAGE 1   


C51 COMPILER V9.60.7.0, COMPILATION OF MODULE OTHER
OBJECT MODULE PLACED IN .\Objects\other.obj
COMPILER INVOKED BY: D:\Keil_v5\C51\BIN\C51.EXE users\src\other.c OPTIMIZE(8,SPEED) BROWSE INCDIR(.\users\inc) DEBUG OBJ
                    -ECTEXTEND PRINT(.\Listings\other.lst) TABS(2) OBJECT(.\Objects\other.obj)

line level    source

   1          #include "common.h"
   2          
   3          uchar bcd_to_dec(uchar source_data)
   4          {
   5   1          return source_data / 16 * 10 + source_data % 16;
   6   1      }
   7          
   8          uchar dec_to_bcd(uchar source_data)
   9          {
  10   1          return source_data / 10 * 16 + source_data % 10;
  11   1      }
  12          
  13          void delay_us(uint n)
  14          {
  15   1          while(--n);
  16   1      }
  17          
  18          void delay_ms(uint c)
  19          {
  20   1        uint i, j;
  21   1        for (i = c; i > 0; i--)
  22   1          for (j = 125; j > 0; j--);
  23   1      }


MODULE INFORMATION:   STATIC OVERLAYABLE
   CODE SIZE        =     74    ----
   CONSTANT SIZE    =   ----    ----
   XDATA SIZE       =   ----    ----
   PDATA SIZE       =   ----    ----
   DATA SIZE        =   ----    ----
   IDATA SIZE       =   ----    ----
   BIT SIZE         =   ----    ----
END OF MODULE INFORMATION.


C51 COMPILATION COMPLETE.  0 WARNING(S),  0 ERROR(S)
